# n_nuc scaling sweep - 2026-05-20 13:26:10
# Particles/batch: 5000
# Ncu mode: False

============================================================
case=heu-met-fast-001_case-1  max_n_nuc=3  total_nuc=20  n_mats=7  wall=22,7s
============================================================
┌─ open_rust_mc — hardware profile ─
│ RAM 31.7 GB, 14p/20l cores, L1 288 KB / L2 1280 KB / L3 24576 KB, GPU 4.0 GB (sm_86)
│ Rayon pool: 20 threads (logical cores). SIMD path: avx2+fma.
│ Host nuclide cache budget: 23.8 GB (75%× detected RAM).
│ GPU bundle cache budget: 3.0 GB (75% of 4.0 GB VRAM).
└──
  GPU transport kernels compiled (8 kernels)
  GPU: WMP payload = 0.0 KB (0 / 5 nuclides covered)
  case          : heu-met-fast-001_case-1
  runner        : gpu_cuda
  reference     : k_eff_reference (ICSBEP handbook)
  handbook      : k = 1.00000 +/- 0.00100
  acceptance    : k = 1.00000 +/- 0.00100   sigma_combined = 290 pcm
  k_calc        : 1.00373 +/- 0.00272
  delta         : +373 pcm   1.29-sigma   bound = +/-580 pcm   [PASS]
  timing        : load = 1.12 s, sim = 3.86 s, total = 4.98 s
  active batches: 60 (total 300,000 histories)
  tallies       : coll = 789,073, fis = 115,469, leak = 171,224


============================================================
case=heu-met-fast-008  max_n_nuc=21  total_nuc=42  n_mats=4  wall=32,7s
============================================================
┌─ open_rust_mc — hardware profile ─
│ RAM 31.7 GB, 14p/20l cores, L1 288 KB / L2 1280 KB / L3 24576 KB, GPU 4.0 GB (sm_86)
│ Rayon pool: 20 threads (logical cores). SIMD path: avx2+fma.
│ Host nuclide cache budget: 23.8 GB (75%× detected RAM).
│ GPU bundle cache budget: 3.0 GB (75% of 4.0 GB VRAM).
└──
  GPU transport kernels compiled (8 kernels)
  GPU: WMP payload = 0.0 KB (0 / 22 nuclides covered)
  case          : heu-met-fast-008
  runner        : gpu_cuda
  reference     : local_validation (OpenMC on this scene)
  handbook      : k = 0.99890 +/- 0.00160
  acceptance    : k = 0.99580 +/- 0.00160   sigma_combined = 274 pcm
  k_calc        : 0.99537 +/- 0.00222
  delta         : -43 pcm   0.16-sigma   bound = +/-547 pcm   [PASS]
  timing        : load = 2.55 s, sim = 11.52 s, total = 14.07 s
  active batches: 60 (total 300,000 histories)
  tallies       : coll = 838,807, fis = 114,641, leak = 171,482

