# n_nuc scaling sweep - 2026-05-20 15:39:12
# Particles/batch: 5000  Batches: 20  Inactive: 5  Seed: 1  Rank: 15
# Ncu mode: False

============================================================
case=heu-met-fast-001_case-1  max_n_nuc=3  total_nuc=20  n_mats=7  wall=23,3s
============================================================
┌─ open_rust_mc — hardware profile ─
│ RAM 31.7 GB, 14p/20l cores, L1 288 KB / L2 2048 KB / L3 24576 KB, GPU 4.0 GB (sm_86)
│ Rayon pool: 20 threads (logical cores). SIMD path: avx2+fma.
│ Host nuclide cache budget: 23.8 GB (75%× detected RAM).
│ GPU bundle cache budget: 3.0 GB (75% of 4.0 GB VRAM).
└──
  GPU transport kernels compiled (8 kernels)
  GPU: WMP payload = 0.0 KB (0 / 5 nuclides covered)
  settings      : <Settings batches=20 inactive=5 particles=5000 seed=1 gpu_refill_pool_factor=2.00>
  case          : heu-met-fast-001_case-1
  runner        : gpu_cuda
  reference     : k_eff_reference (ICSBEP handbook)
  handbook      : k = 1.00000 +/- 0.00100
  acceptance    : k = 1.00000 +/- 0.00100   sigma_combined = 401 pcm
  k_calc        : 0.99633 +/- 0.00388
  delta         : -367 pcm   0.92-sigma   bound = +/-801 pcm   [PASS]
  timing        : load = 1.56 s, sim = 3.67 s, total = 5.23 s
  active batches: 15 (total 75,000 histories)
  tallies       : coll = 396,204, fis = 57,362, leak = 85,934

